Time slot   0
ld_routine
	Loaded a process at input/proc/p0s, PID: 1 PRIO: 0
Time slot   1
	CPU 1: Dispatched process  1
	Loaded a process at input/proc/p1s, PID: 2 PRIO: 15
Time slot   2
	CPU 0: Dispatched process  2
liballoc:178
print_pgtbl:
 PDG=b52fd220b4908850 P4g=b52fd220b4909860 PUD=b52fd220b490a870 PMD=b52fd220b490b880
Time slot   3
	Loaded a process at input/proc/p1s, PID: 3 PRIO: 0
liballoc:178
print_pgtbl:
 PDG=b52fd220b490f210 P4g=b52fd220b4910220 PUD=b52fd220b4911230 PMD=b52fd220b4912240
Time slot   4
libfree:218
print_pgtbl:
 PDG=b52fd230b490f210 P4g=b52fd230b4910220 PUD=b52fd230b4911230 PMD=b52fd230b4912240
Time slot   5
liballoc:178
print_pgtbl:
 PDG=b52fd220b490f210 P4g=b52fd220b4910220 PUD=b52fd220b4911230 PMD=b52fd220b4912240
Time slot   6
libwrite:502
print_pgtbl:
 PDG=b52fd210b490f210 P4g=b52fd210b4910220 PUD=b52fd210b4911230 PMD=b52fd210b4912240
	Loaded a process at input/proc/p0s, PID: 4 PRIO: 0
Time slot   7
	CPU 1: Put process  1 to run queue
	CPU 1: Dispatched process  3
Time slot   8
	CPU 0: Put process  2 to run queue
	CPU 0: Dispatched process  4
Time slot   9
liballoc:178
print_pgtbl:
 PDG=b5afe220b4915b40 P4g=b5afe220b4916b50 PUD=b5afe220b4917b60 PMD=b5afe220b4918b70
Time slot  10
liballoc:178
print_pgtbl:
 PDG=b5afe220b4915b40 P4g=b5afe220b4916b50 PUD=b5afe220b4917b60 PMD=b5afe220b4918b70
Time slot  11
libfree:218
print_pgtbl:
 PDG=b5afe230b4915b40 P4g=b5afe230b4916b50 PUD=b5afe230b4917b60 PMD=b5afe230b4918b70
Time slot  12
liballoc:178
print_pgtbl:
 PDG=b5afe220b4915b40 P4g=b5afe220b4916b50 PUD=b5afe220b4917b60 PMD=b5afe220b4918b70
Time slot  13
	CPU 1: Put process  3 to run queue
	CPU 1: Dispatched process  1
libwrite:502
print_pgtbl:
 PDG=b5afe210b4915b40 P4g=b5afe210b4916b50 PUD=b5afe210b4917b60 PMD=b5afe210b4918b70
Time slot  14
libread:426
	CPU 0: Put process  4 to run queue
	CPU 0: Dispatched process  3
Time slot  15
Time slot  16
libfree:218
print_pgtbl:
 PDG=b52fd230b4915b40 P4g=b52fd230b4916b50 PUD=b52fd230b4917b60 PMD=b52fd230b4918b70
Time slot  17
libwrite:502
print_pgtbl:
 PDG=b52fd210b4915b40 P4g=b52fd210b4916b50 PUD=b52fd210b4917b60 PMD=b52fd210b4918b70
Time slot  18
Time slot  19
	CPU 1: Put process  1 to run queue
	CPU 1: Dispatched process  4
Time slot  20
libread:426
	CPU 0: Put process  3 to run queue
	CPU 0: Dispatched process  1
libread:426
Time slot  21
libwrite:502
print_pgtbl:
 PDG=b5afe210b4915b40 P4g=b5afe210b4916b50 PUD=b5afe210b4917b60 PMD=b5afe210b4918b70
Time slot  22
libread:426
Time slot  23
libwrite:502
print_pgtbl:
 PDG=b52fd210b4915b40 P4g=b52fd210b4916b50 PUD=b52fd210b4917b60 PMD=b52fd210b4918b70
	CPU 0: Processed  1 has finished
	CPU 0: Dispatched process  3
Time slot  24
Time slot  25
	CPU 1: Put process  4 to run queue
	CPU 1: Dispatched process  4
libread:426
Time slot  26
libwrite:502
print_pgtbl:
 PDG=b52fd210b4915b40 P4g=b52fd210b4916b50 PUD=b52fd210b4917b60 PMD=b52fd210b4918b70
Time slot  27
libread:426
Time slot  28
	CPU 1: Processed  4 has finished
	CPU 1: Dispatched process  2
Time slot  29
	CPU 0: Put process  3 to run queue
	CPU 0: Dispatched process  3
Time slot  30
	CPU 0: Processed  3 has finished
	CPU 0 stopped
Time slot  31
Time slot  32
Time slot  33
Time slot  34
	CPU 1: Put process  2 to run queue
	CPU 1: Dispatched process  2
Time slot  35
Time slot  36
Time slot  37
Time slot  38
Time slot  39
Time slot  40
	CPU 1: Put process  2 to run queue
	CPU 1: Dispatched process  2
Time slot  41
	CPU 1: Processed  2 has finished
	CPU 1 stopped
